<?xml version="1.0" encoding="UTF-8"?>
<testsuite xmlns:xsi="http://www.w3.org/2001/XMLSchema-instance" xsi:noNamespaceSchemaLocation="https://maven.apache.org/surefire/maven-surefire-plugin/xsd/surefire-test-report.xsd" name="Product Feature" time="0" tests="2" errors="0" skipped="2" failures="0">
  <properties>
[...]
</properties>
  <testcase name="Apply Apple Vendor Filter" classname="Product Feature" time="0">
    <skipped message="&apos;cucumber.filter.name=End to End Scenario&apos; did not match this scenario"/>
  </testcase>
  <testcase name="Apply Lowest to Highest Order By" classname="Product Feature" time="0">
    <skipped message="&apos;cucumber.filter.name=End to End Scenario&apos; did not match this scenario"/>
  </testcase>
</testsuite>